<?xml version="1.0" encoding="UTF-8"?>
<testsuite name="PersonTest" tests="3" skipped="0" failures="0" errors="0" timestamp="2018-08-16T07:25:27" hostname="PC" time="0.013">
  <properties/>
  <testcase name="getFullName" classname="PersonTest" time="0.012"/>
  <testcase name="getFirstName" classname="PersonTest" time="0.0"/>
  <testcase name="getLastName" classname="PersonTest" time="0.0"/>
  <system-out><![CDATA[]]></system-out>
  <system-err><![CDATA[]]></system-err>
</testsuite>
